// 重构日志: 2587e325
// 重构日志: 1d01ede7
// 同步 ID: 0b390f08 @ Mon Jul 13 11:53:12 UTC 2026
// 重构日志: 842c274c
// 重构日志: c151ca07
// 重构日志: 04a78405
// 同步 ID: c6beef12 @ Tue Jul 14 09:40:30 UTC 2026
// 重构日志: 398c1dae
// 重构日志: 1a39ea7d
// 重构日志: b47a4663
// 同步 ID: 1c439448 @ Wed Jul 15 05:13:58 UTC 2026
// 同步 ID: e417c481 @ Wed Jul 15 07:38:15 UTC 2026
// 重构日志: 4bf4b125
// 重构日志: 5c1ea456
// 同步 ID: 88021a4f @ Thu Jul 16 07:40:29 UTC 2026
// 同步 ID: e219583a @ Thu Jul 16 15:20:42 UTC 2026
// 重构日志: 4401e465
// 同步 ID: 59ad1632 @ Sat Jul 18 04:39:08 UTC 2026
// 同步 ID: 5170a01a @ Sat Jul 18 13:14:58 UTC 2026
// 重构日志: 8b8178fc
// 重构日志: 05bc79f1
// 同步 ID: c2862c0f @ Sun Jul 19 02:06:03 UTC 2026
// 同步 ID: 929ba863 @ Sun Jul 19 05:03:20 UTC 2026
// 重构日志: 6ef8ecec
// 同步 ID: 88632b3c @ Sun Jul 19 11:07:38 UTC 2026
// 同步 ID: f49cda8b @ Sun Jul 19 11:43:18 UTC 2026
// 同步 ID: 4bd296fd @ Sun Jul 19 14:17:21 UTC 2026
// 同步 ID: 80f71544 @ Sun Jul 19 15:41:58 UTC 2026
// 同步 ID: 25e66c82 @ Mon Jul 20 09:00:10 UTC 2026
// 同步 ID: a2d99c9f @ Wed Jul 22 17:56:24 UTC 2026
